<?xml version="1.0" encoding="UTF-8"?>
<testng-results skipped="0" failed="1" total="2" passed="1">
  <reporter-output>
  </reporter-output>
  <suite name="Default suite" duration-ms="16506" started-at="2016-03-02T03:19:14Z" finished-at="2016-03-02T03:19:30Z">
    <groups>
    </groups>
    <test name="Default test" duration-ms="16506" started-at="2016-03-02T03:19:14Z" finished-at="2016-03-02T03:19:30Z">
      <class name="RedBoxTest">
        <test-method status="PASS" signature="setup()[pri:0, instance:RedBoxTest@2acf57e3]" name="setup" is-config="true" duration-ms="2435" started-at="2016-03-01T21:19:14Z" finished-at="2016-03-01T21:19:16Z">
          <reporter-output>
          </reporter-output>
        </test-method> <!-- setup -->
        <test-method status="FAIL" signature="BatmanSearchTest()[pri:0, instance:RedBoxTest@2acf57e3]" name="BatmanSearchTest" duration-ms="4455" started-at="2016-03-01T21:19:16Z" finished-at="2016-03-01T21:19:20Z">
          <exception class="java.lang.AssertionError">
            <message>
              <![CDATA[Number of movies was found are different then: 15 expected [15] but found [16]]]>
            </message>
            <full-stacktrace>
              <![CDATA[java.lang.AssertionError: Number of movies was found are different then: 15 expected [15] but found [16]
	at org.testng.Assert.fail(Assert.java:94)
	at org.testng.Assert.failNotEquals(Assert.java:496)
	at org.testng.Assert.assertEquals(Assert.java:125)
	at org.testng.Assert.assertEquals(Assert.java:372)
	at org.testng.asserts.Assertion$26.doAssert(Assertion.java:338)
	at org.testng.asserts.Assertion.executeAssert(Assertion.java:30)
	at org.testng.asserts.Assertion.doAssert(Assertion.java:15)
	at org.testng.asserts.Assertion.assertEquals(Assertion.java:335)
	at RedBoxTest.BatmanSearchTest(RedBoxTest.java:133)
	at sun.reflect.NativeMethodAccessorImpl.invoke0(Native Method)
	at sun.reflect.NativeMethodAccessorImpl.invoke(NativeMethodAccessorImpl.java:62)
	at sun.reflect.DelegatingMethodAccessorImpl.invoke(DelegatingMethodAccessorImpl.java:43)
	at java.lang.reflect.Method.invoke(Method.java:498)
	at org.testng.internal.MethodInvocationHelper.invokeMethod(MethodInvocationHelper.java:85)
	at org.testng.internal.Invoker.invokeMethod(Invoker.java:639)
	at org.testng.internal.Invoker.invokeTestMethod(Invoker.java:816)
	at org.testng.internal.Invoker.invokeTestMethods(Invoker.java:1124)
	at org.testng.internal.TestMethodWorker.invokeTestMethods(TestMethodWorker.java:125)
	at org.testng.internal.TestMethodWorker.run(TestMethodWorker.java:108)
	at org.testng.TestRunner.privateRun(TestRunner.java:774)
	at org.testng.TestRunner.run(TestRunner.java:624)
	at org.testng.SuiteRunner.runTest(SuiteRunner.java:359)
	at org.testng.SuiteRunner.runSequentially(SuiteRunner.java:354)
	at org.testng.SuiteRunner.privateRun(SuiteRunner.java:312)
	at org.testng.SuiteRunner.run(SuiteRunner.java:261)
	at org.testng.SuiteRunnerWorker.runSuite(SuiteRunnerWorker.java:52)
	at org.testng.SuiteRunnerWorker.run(SuiteRunnerWorker.java:86)
	at org.testng.TestNG.runSuitesSequentially(TestNG.java:1215)
	at org.testng.TestNG.runSuitesLocally(TestNG.java:1140)
	at org.testng.TestNG.run(TestNG.java:1048)
	at org.testng.remote.RemoteTestNG.run(RemoteTestNG.java:112)
	at org.testng.remote.RemoteTestNG.initAndRun(RemoteTestNG.java:205)
	at org.testng.remote.RemoteTestNG.main(RemoteTestNG.java:176)
]]>
            </full-stacktrace>
          </exception> <!-- java.lang.AssertionError -->
          <reporter-output>
          </reporter-output>
        </test-method> <!-- BatmanSearchTest -->
        <test-method status="PASS" signature="tearDown()[pri:0, instance:RedBoxTest@2acf57e3]" name="tearDown" is-config="true" duration-ms="11" started-at="2016-03-01T21:19:20Z" finished-at="2016-03-01T21:19:20Z">
          <reporter-output>
          </reporter-output>
        </test-method> <!-- tearDown -->
        <test-method status="PASS" signature="setup()[pri:0, instance:RedBoxTest@2acf57e3]" name="setup" is-config="true" duration-ms="2057" started-at="2016-03-01T21:19:20Z" finished-at="2016-03-01T21:19:22Z">
          <reporter-output>
          </reporter-output>
        </test-method> <!-- setup -->
        <test-method status="PASS" signature="PixelSearchTest()[pri:0, instance:RedBoxTest@2acf57e3]" name="PixelSearchTest" duration-ms="7521" started-at="2016-03-01T21:19:22Z" finished-at="2016-03-01T21:19:30Z">
          <reporter-output>
          </reporter-output>
        </test-method> <!-- PixelSearchTest -->
        <test-method status="PASS" signature="tearDown()[pri:0, instance:RedBoxTest@2acf57e3]" name="tearDown" is-config="true" duration-ms="10" started-at="2016-03-01T21:19:30Z" finished-at="2016-03-01T21:19:30Z">
          <reporter-output>
          </reporter-output>
        </test-method> <!-- tearDown -->
      </class> <!-- RedBoxTest -->
    </test> <!-- Default test -->
  </suite> <!-- Default suite -->
</testng-results>
